[INFO] Scanning for projects...
[WARNING] 
[WARNING] Some problems were encountered while building the effective model for org.kurento.tutorial:kurento-group-call:jar:6.6.0
[WARNING] 'parent.relativePath' of POM org.kurento.tutorial:kurento-tutorial:[unknown-version] (/home/uniproctor/kurento-tutorial-java/pom.xml) points at org.kurento.tutorial:kurento-tutorial instead of org.kurento:kurento-parent-pom, please verify your project structure @ org.kurento.tutorial:kurento-tutorial:[unknown-version], /home/uniproctor/kurento-tutorial-java/pom.xml, line 5, column 10
[WARNING] 
[WARNING] It is highly recommended to fix these problems because they threaten the stability of your build.
[WARNING] 
[WARNING] For this reason, future Maven versions might no longer support building such malformed projects.
[WARNING] 
[INFO]                                                                         
[INFO] ------------------------------------------------------------------------
[INFO] Building Kurento Java Tutorial - Group Call 6.6.0
[INFO] ------------------------------------------------------------------------
[INFO] 
[INFO] --- exec-maven-plugin:1.4.0:java (default-cli) @ kurento-group-call ---

   .------------------------------------.
   |                                    |
   |   | |/ /  _ _ _ ___ _ _| |_ ___    |
   |   | ' < || | '_/ -_) ' \  _/ _ \   |
   |   |_|\_\_,_|_| \___|_||_\__\___/   |
   |                                    |
   '------------------------------------'
       Kurento Java Tutorial - Group Call
       Version 6.6.0

2017-02-13 17:52:24.037  INFO 6210 --- [pCallApp.main()] o.k.tutorial.groupcall.GroupCallApp      : Starting GroupCallApp on topaz with PID 6210 (/home/uniproctor/kurento-tutorial-java/kurento-group-call/target/classes started by uniproctor in /home/uniproctor/kurento-tutorial-java/kurento-group-call)
2017-02-13 17:52:24.043  INFO 6210 --- [pCallApp.main()] o.k.tutorial.groupcall.GroupCallApp      : No active profile set, falling back to default profiles: default
2017-02-13 17:52:24.109  INFO 6210 --- [pCallApp.main()] ationConfigEmbeddedWebApplicationContext : Refreshing org.springframework.boot.context.embedded.AnnotationConfigEmbeddedWebApplicationContext@155a89f: startup date [Mon Feb 13 17:52:24 PST 2017]; root of context hierarchy
2017-02-13 17:52:25.056  INFO 6210 --- [pCallApp.main()] f.a.AutowiredAnnotationBeanPostProcessor : JSR-330 'javax.inject.Inject' annotation found and supported for autowiring
2017-02-13 17:52:25.671  INFO 6210 --- [pCallApp.main()] s.b.c.e.t.TomcatEmbeddedServletContainer : Tomcat initialized with port(s): 8020 (https)
2017-02-13 17:52:25.688  INFO 6210 --- [pCallApp.main()] o.apache.catalina.core.StandardService   : Starting service Tomcat
2017-02-13 17:52:25.690  INFO 6210 --- [pCallApp.main()] org.apache.catalina.core.StandardEngine  : Starting Servlet Engine: Apache Tomcat/8.0.28
2017-02-13 17:52:25.829  INFO 6210 --- [ost-startStop-1] o.a.c.c.C.[Tomcat].[localhost].[/]       : Initializing Spring embedded WebApplicationContext
2017-02-13 17:52:25.830  INFO 6210 --- [ost-startStop-1] o.s.web.context.ContextLoader            : Root WebApplicationContext: initialization completed in 1726 ms
2017-02-13 17:52:26.201  INFO 6210 --- [ost-startStop-1] o.s.b.c.e.ServletRegistrationBean        : Mapping servlet: 'dispatcherServlet' to [/]
2017-02-13 17:52:26.207  INFO 6210 --- [ost-startStop-1] o.s.b.c.embedded.FilterRegistrationBean  : Mapping filter: 'characterEncodingFilter' to: [/*]
2017-02-13 17:52:26.208  INFO 6210 --- [ost-startStop-1] o.s.b.c.embedded.FilterRegistrationBean  : Mapping filter: 'hiddenHttpMethodFilter' to: [/*]
2017-02-13 17:52:26.208  INFO 6210 --- [ost-startStop-1] o.s.b.c.embedded.FilterRegistrationBean  : Mapping filter: 'httpPutFormContentFilter' to: [/*]
2017-02-13 17:52:26.208  INFO 6210 --- [ost-startStop-1] o.s.b.c.embedded.FilterRegistrationBean  : Mapping filter: 'requestContextFilter' to: [/*]
2017-02-13 17:52:26.288  INFO 6210 --- [pCallApp.main()] o.s.s.c.ThreadPoolTaskScheduler          : Initializing ExecutorService  'defaultSockJsTaskScheduler'
2017-02-13 17:52:26.409  INFO 6210 --- [pCallApp.main()] org.eclipse.jetty.util.log               : Logging initialized @6924ms
2017-02-13 17:52:26.770  INFO 6210 --- [ntLoopGroup-2-1] o.k.j.c.JsonRpcClientNettyWebSocket      : [KurentoClient]  Inititating new Netty channel. Will create new handler too!
2017-02-13 17:52:26.991  INFO 6210 --- [pCallApp.main()] o.s.w.s.s.s.WebSocketHandlerMapping      : Mapped URL path [/groupcall] onto handler of type [class org.springframework.web.socket.server.support.WebSocketHttpRequestHandler]
2017-02-13 17:52:27.225  INFO 6210 --- [pCallApp.main()] s.w.s.m.m.a.RequestMappingHandlerAdapter : Looking for @ControllerAdvice: org.springframework.boot.context.embedded.AnnotationConfigEmbeddedWebApplicationContext@155a89f: startup date [Mon Feb 13 17:52:24 PST 2017]; root of context hierarchy
2017-02-13 17:52:27.317  INFO 6210 --- [pCallApp.main()] s.w.s.m.m.a.RequestMappingHandlerMapping : Mapped "{[/error],produces=[text/html]}" onto public org.springframework.web.servlet.ModelAndView org.springframework.boot.autoconfigure.web.BasicErrorController.errorHtml(javax.servlet.http.HttpServletRequest,javax.servlet.http.HttpServletResponse)
2017-02-13 17:52:27.318  INFO 6210 --- [pCallApp.main()] s.w.s.m.m.a.RequestMappingHandlerMapping : Mapped "{[/error]}" onto public org.springframework.http.ResponseEntity<java.util.Map<java.lang.String, java.lang.Object>> org.springframework.boot.autoconfigure.web.BasicErrorController.error(javax.servlet.http.HttpServletRequest)
2017-02-13 17:52:27.322  INFO 6210 --- [pCallApp.main()] o.s.w.s.c.a.WebMvcConfigurerAdapter      : Adding welcome page: class path resource [static/index.html]
2017-02-13 17:52:27.333  INFO 6210 --- [pCallApp.main()] o.s.w.s.handler.SimpleUrlHandlerMapping  : Root mapping to handler of type [class org.springframework.web.servlet.mvc.ParameterizableViewController]
2017-02-13 17:52:27.359  INFO 6210 --- [pCallApp.main()] o.s.w.s.handler.SimpleUrlHandlerMapping  : Mapped URL path [/webjars/**] onto handler of type [class org.springframework.web.servlet.resource.ResourceHttpRequestHandler]
2017-02-13 17:52:27.359  INFO 6210 --- [pCallApp.main()] o.s.w.s.handler.SimpleUrlHandlerMapping  : Mapped URL path [/**] onto handler of type [class org.springframework.web.servlet.resource.ResourceHttpRequestHandler]
2017-02-13 17:52:27.406  INFO 6210 --- [pCallApp.main()] o.s.w.s.handler.SimpleUrlHandlerMapping  : Mapped URL path [/**/favicon.ico] onto handler of type [class org.springframework.web.servlet.resource.ResourceHttpRequestHandler]
2017-02-13 17:52:27.573  INFO 6210 --- [pCallApp.main()] o.s.j.e.a.AnnotationMBeanExporter        : Registering beans for JMX exposure on startup
2017-02-13 17:52:27.582  INFO 6210 --- [pCallApp.main()] o.s.c.support.DefaultLifecycleProcessor  : Starting beans in phase 2147483647
2017-02-13 17:52:27.634 ERROR 6210 --- [pCallApp.main()] o.a.coyote.http11.Http11NioProtocol      : Failed to start end point associated with ProtocolHandler ["http-nio-8020"]

java.net.BindException: Address already in use
	at sun.nio.ch.Net.bind0(Native Method) ~[na:1.8.0_121]
	at sun.nio.ch.Net.bind(Net.java:433) ~[na:1.8.0_121]
	at sun.nio.ch.Net.bind(Net.java:425) ~[na:1.8.0_121]
	at sun.nio.ch.ServerSocketChannelImpl.bind(ServerSocketChannelImpl.java:223) ~[na:1.8.0_121]
	at sun.nio.ch.ServerSocketAdaptor.bind(ServerSocketAdaptor.java:74) ~[na:1.8.0_121]
	at org.apache.tomcat.util.net.NioEndpoint.bind(NioEndpoint.java:340) ~[tomcat-embed-core-8.0.28.jar:8.0.28]
	at org.apache.tomcat.util.net.AbstractEndpoint.start(AbstractEndpoint.java:765) ~[tomcat-embed-core-8.0.28.jar:8.0.28]
	at org.apache.coyote.AbstractProtocol.start(AbstractProtocol.java:472) ~[tomcat-embed-core-8.0.28.jar:8.0.28]
	at org.apache.catalina.connector.Connector.startInternal(Connector.java:986) [tomcat-embed-core-8.0.28.jar:8.0.28]
	at org.apache.catalina.util.LifecycleBase.start(LifecycleBase.java:150) [tomcat-embed-core-8.0.28.jar:8.0.28]
	at org.apache.catalina.core.StandardService.addConnector(StandardService.java:237) [tomcat-embed-core-8.0.28.jar:8.0.28]
	at org.springframework.boot.context.embedded.tomcat.TomcatEmbeddedServletContainer.addPreviouslyRemovedConnectors(TomcatEmbeddedServletContainer.java:194) [spring-boot-1.3.6.RELEASE.jar:1.3.6.RELEASE]
	at org.springframework.boot.context.embedded.tomcat.TomcatEmbeddedServletContainer.start(TomcatEmbeddedServletContainer.java:151) [spring-boot-1.3.6.RELEASE.jar:1.3.6.RELEASE]
	at org.springframework.boot.context.embedded.EmbeddedWebApplicationContext.startEmbeddedServletContainer(EmbeddedWebApplicationContext.java:293) [spring-boot-1.3.6.RELEASE.jar:1.3.6.RELEASE]
	at org.springframework.boot.context.embedded.EmbeddedWebApplicationContext.finishRefresh(EmbeddedWebApplicationContext.java:141) [spring-boot-1.3.6.RELEASE.jar:1.3.6.RELEASE]
	at org.springframework.context.support.AbstractApplicationContext.refresh(AbstractApplicationContext.java:541) [spring-context-4.2.7.RELEASE.jar:4.2.7.RELEASE]
	at org.springframework.boot.context.embedded.EmbeddedWebApplicationContext.refresh(EmbeddedWebApplicationContext.java:118) [spring-boot-1.3.6.RELEASE.jar:1.3.6.RELEASE]
	at org.springframework.boot.SpringApplication.refresh(SpringApplication.java:760) [spring-boot-1.3.6.RELEASE.jar:1.3.6.RELEASE]
	at org.springframework.boot.SpringApplication.createAndRefreshContext(SpringApplication.java:360) [spring-boot-1.3.6.RELEASE.jar:1.3.6.RELEASE]
	at org.springframework.boot.SpringApplication.run(SpringApplication.java:306) [spring-boot-1.3.6.RELEASE.jar:1.3.6.RELEASE]
	at org.springframework.boot.SpringApplication.run(SpringApplication.java:1185) [spring-boot-1.3.6.RELEASE.jar:1.3.6.RELEASE]
	at org.springframework.boot.SpringApplication.run(SpringApplication.java:1174) [spring-boot-1.3.6.RELEASE.jar:1.3.6.RELEASE]
	at org.kurento.tutorial.groupcall.GroupCallApp.main(GroupCallApp.java:58) [classes/:na]
	at sun.reflect.NativeMethodAccessorImpl.invoke0(Native Method) ~[na:1.8.0_121]
	at sun.reflect.NativeMethodAccessorImpl.invoke(NativeMethodAccessorImpl.java:62) ~[na:1.8.0_121]
	at sun.reflect.DelegatingMethodAccessorImpl.invoke(DelegatingMethodAccessorImpl.java:43) ~[na:1.8.0_121]
	at java.lang.reflect.Method.invoke(Method.java:498) ~[na:1.8.0_121]
	at org.codehaus.mojo.exec.ExecJavaMojo$1.run(ExecJavaMojo.java:293) [exec-maven-plugin-1.4.0.jar:na]
	at java.lang.Thread.run(Thread.java:745) [na:1.8.0_121]

2017-02-13 17:52:27.636 ERROR 6210 --- [pCallApp.main()] o.apache.catalina.core.StandardService   : Failed to start connector [Connector[HTTP/1.1-8020]]

org.apache.catalina.LifecycleException: Failed to start component [Connector[HTTP/1.1-8020]]
	at org.apache.catalina.util.LifecycleBase.start(LifecycleBase.java:154) ~[tomcat-embed-core-8.0.28.jar:8.0.28]
	at org.apache.catalina.core.StandardService.addConnector(StandardService.java:237) ~[tomcat-embed-core-8.0.28.jar:8.0.28]
	at org.springframework.boot.context.embedded.tomcat.TomcatEmbeddedServletContainer.addPreviouslyRemovedConnectors(TomcatEmbeddedServletContainer.java:194) [spring-boot-1.3.6.RELEASE.jar:1.3.6.RELEASE]
	at org.springframework.boot.context.embedded.tomcat.TomcatEmbeddedServletContainer.start(TomcatEmbeddedServletContainer.java:151) [spring-boot-1.3.6.RELEASE.jar:1.3.6.RELEASE]
	at org.springframework.boot.context.embedded.EmbeddedWebApplicationContext.startEmbeddedServletContainer(EmbeddedWebApplicationContext.java:293) [spring-boot-1.3.6.RELEASE.jar:1.3.6.RELEASE]
	at org.springframework.boot.context.embedded.EmbeddedWebApplicationContext.finishRefresh(EmbeddedWebApplicationContext.java:141) [spring-boot-1.3.6.RELEASE.jar:1.3.6.RELEASE]
	at org.springframework.context.support.AbstractApplicationContext.refresh(AbstractApplicationContext.java:541) [spring-context-4.2.7.RELEASE.jar:4.2.7.RELEASE]
	at org.springframework.boot.context.embedded.EmbeddedWebApplicationContext.refresh(EmbeddedWebApplicationContext.java:118) [spring-boot-1.3.6.RELEASE.jar:1.3.6.RELEASE]
	at org.springframework.boot.SpringApplication.refresh(SpringApplication.java:760) [spring-boot-1.3.6.RELEASE.jar:1.3.6.RELEASE]
	at org.springframework.boot.SpringApplication.createAndRefreshContext(SpringApplication.java:360) [spring-boot-1.3.6.RELEASE.jar:1.3.6.RELEASE]
	at org.springframework.boot.SpringApplication.run(SpringApplication.java:306) [spring-boot-1.3.6.RELEASE.jar:1.3.6.RELEASE]
	at org.springframework.boot.SpringApplication.run(SpringApplication.java:1185) [spring-boot-1.3.6.RELEASE.jar:1.3.6.RELEASE]
	at org.springframework.boot.SpringApplication.run(SpringApplication.java:1174) [spring-boot-1.3.6.RELEASE.jar:1.3.6.RELEASE]
	at org.kurento.tutorial.groupcall.GroupCallApp.main(GroupCallApp.java:58) [classes/:na]
	at sun.reflect.NativeMethodAccessorImpl.invoke0(Native Method) ~[na:1.8.0_121]
	at sun.reflect.NativeMethodAccessorImpl.invoke(NativeMethodAccessorImpl.java:62) ~[na:1.8.0_121]
	at sun.reflect.DelegatingMethodAccessorImpl.invoke(DelegatingMethodAccessorImpl.java:43) ~[na:1.8.0_121]
	at java.lang.reflect.Method.invoke(Method.java:498) ~[na:1.8.0_121]
	at org.codehaus.mojo.exec.ExecJavaMojo$1.run(ExecJavaMojo.java:293) [exec-maven-plugin-1.4.0.jar:na]
	at java.lang.Thread.run(Thread.java:745) [na:1.8.0_121]
Caused by: org.apache.catalina.LifecycleException: service.getName(): "Tomcat";  Protocol handler start failed
	at org.apache.catalina.connector.Connector.startInternal(Connector.java:993) ~[tomcat-embed-core-8.0.28.jar:8.0.28]
	at org.apache.catalina.util.LifecycleBase.start(LifecycleBase.java:150) ~[tomcat-embed-core-8.0.28.jar:8.0.28]
	... 19 common frames omitted
Caused by: java.net.BindException: Address already in use
	at sun.nio.ch.Net.bind0(Native Method) ~[na:1.8.0_121]
	at sun.nio.ch.Net.bind(Net.java:433) ~[na:1.8.0_121]
	at sun.nio.ch.Net.bind(Net.java:425) ~[na:1.8.0_121]
	at sun.nio.ch.ServerSocketChannelImpl.bind(ServerSocketChannelImpl.java:223) ~[na:1.8.0_121]
	at sun.nio.ch.ServerSocketAdaptor.bind(ServerSocketAdaptor.java:74) ~[na:1.8.0_121]
	at org.apache.tomcat.util.net.NioEndpoint.bind(NioEndpoint.java:340) ~[tomcat-embed-core-8.0.28.jar:8.0.28]
	at org.apache.tomcat.util.net.AbstractEndpoint.start(AbstractEndpoint.java:765) ~[tomcat-embed-core-8.0.28.jar:8.0.28]
	at org.apache.coyote.AbstractProtocol.start(AbstractProtocol.java:472) ~[tomcat-embed-core-8.0.28.jar:8.0.28]
	at org.apache.catalina.connector.Connector.startInternal(Connector.java:986) ~[tomcat-embed-core-8.0.28.jar:8.0.28]
	... 20 common frames omitted

2017-02-13 17:52:27.645  INFO 6210 --- [pCallApp.main()] o.apache.catalina.core.StandardService   : Stopping service Tomcat
2017-02-13 17:52:27.679 ERROR 6210 --- [pCallApp.main()] o.s.boot.SpringApplication               : Application startup failed

org.springframework.boot.context.embedded.EmbeddedServletContainerException: Unable to start embedded Tomcat servlet container
	at org.springframework.boot.context.embedded.tomcat.TomcatEmbeddedServletContainer.start(TomcatEmbeddedServletContainer.java:165) ~[spring-boot-1.3.6.RELEASE.jar:1.3.6.RELEASE]
	at org.springframework.boot.context.embedded.EmbeddedWebApplicationContext.startEmbeddedServletContainer(EmbeddedWebApplicationContext.java:293) ~[spring-boot-1.3.6.RELEASE.jar:1.3.6.RELEASE]
	at org.springframework.boot.context.embedded.EmbeddedWebApplicationContext.finishRefresh(EmbeddedWebApplicationContext.java:141) ~[spring-boot-1.3.6.RELEASE.jar:1.3.6.RELEASE]
	at org.springframework.context.support.AbstractApplicationContext.refresh(AbstractApplicationContext.java:541) ~[spring-context-4.2.7.RELEASE.jar:4.2.7.RELEASE]
	at org.springframework.boot.context.embedded.EmbeddedWebApplicationContext.refresh(EmbeddedWebApplicationContext.java:118) ~[spring-boot-1.3.6.RELEASE.jar:1.3.6.RELEASE]
	at org.springframework.boot.SpringApplication.refresh(SpringApplication.java:760) [spring-boot-1.3.6.RELEASE.jar:1.3.6.RELEASE]
	at org.springframework.boot.SpringApplication.createAndRefreshContext(SpringApplication.java:360) [spring-boot-1.3.6.RELEASE.jar:1.3.6.RELEASE]
	at org.springframework.boot.SpringApplication.run(SpringApplication.java:306) [spring-boot-1.3.6.RELEASE.jar:1.3.6.RELEASE]
	at org.springframework.boot.SpringApplication.run(SpringApplication.java:1185) [spring-boot-1.3.6.RELEASE.jar:1.3.6.RELEASE]
	at org.springframework.boot.SpringApplication.run(SpringApplication.java:1174) [spring-boot-1.3.6.RELEASE.jar:1.3.6.RELEASE]
	at org.kurento.tutorial.groupcall.GroupCallApp.main(GroupCallApp.java:58) [classes/:na]
	at sun.reflect.NativeMethodAccessorImpl.invoke0(Native Method) ~[na:1.8.0_121]
	at sun.reflect.NativeMethodAccessorImpl.invoke(NativeMethodAccessorImpl.java:62) ~[na:1.8.0_121]
	at sun.reflect.DelegatingMethodAccessorImpl.invoke(DelegatingMethodAccessorImpl.java:43) ~[na:1.8.0_121]
	at java.lang.reflect.Method.invoke(Method.java:498) ~[na:1.8.0_121]
	at org.codehaus.mojo.exec.ExecJavaMojo$1.run(ExecJavaMojo.java:293) [exec-maven-plugin-1.4.0.jar:na]
	at java.lang.Thread.run(Thread.java:745) [na:1.8.0_121]
Caused by: java.lang.IllegalStateException: Tomcat connector in failed state
	at org.springframework.boot.context.embedded.tomcat.TomcatEmbeddedServletContainer.start(TomcatEmbeddedServletContainer.java:159) ~[spring-boot-1.3.6.RELEASE.jar:1.3.6.RELEASE]
	... 16 common frames omitted

2017-02-13 17:52:27.682  INFO 6210 --- [pCallApp.main()] .b.l.ClasspathLoggingApplicationListener : Application failed to start with classpath: [file:/home/uniproctor/kurento-tutorial-java/kurento-group-call/target/classes/, file:/home/uniproctor/.m2/repository/org/springframework/boot/spring-boot-starter-web/1.3.6.RELEASE/spring-boot-starter-web-1.3.6.RELEASE.jar, file:/home/uniproctor/.m2/repository/org/springframework/boot/spring-boot-starter/1.3.6.RELEASE/spring-boot-starter-1.3.6.RELEASE.jar, file:/home/uniproctor/.m2/repository/org/springframework/boot/spring-boot/1.3.6.RELEASE/spring-boot-1.3.6.RELEASE.jar, file:/home/uniproctor/.m2/repository/org/springframework/boot/spring-boot-autoconfigure/1.3.6.RELEASE/spring-boot-autoconfigure-1.3.6.RELEASE.jar, file:/home/uniproctor/.m2/repository/org/springframework/boot/spring-boot-starter-logging/1.3.6.RELEASE/spring-boot-starter-logging-1.3.6.RELEASE.jar, file:/home/uniproctor/.m2/repository/ch/qos/logback/logback-classic/1.1.7/logback-classic-1.1.7.jar, file:/home/uniproctor/.m2/repository/ch/qos/logback/logback-core/1.1.7/logback-core-1.1.7.jar, file:/home/uniproctor/.m2/repository/org/slf4j/jcl-over-slf4j/1.7.21/jcl-over-slf4j-1.7.21.jar, file:/home/uniproctor/.m2/repository/org/slf4j/jul-to-slf4j/1.7.21/jul-to-slf4j-1.7.21.jar, file:/home/uniproctor/.m2/repository/org/slf4j/log4j-over-slf4j/1.7.21/log4j-over-slf4j-1.7.21.jar, file:/home/uniproctor/.m2/repository/org/yaml/snakeyaml/1.16/snakeyaml-1.16.jar, file:/home/uniproctor/.m2/repository/org/springframework/boot/spring-boot-starter-tomcat/1.3.6.RELEASE/spring-boot-starter-tomcat-1.3.6.RELEASE.jar, file:/home/uniproctor/.m2/repository/org/apache/tomcat/embed/tomcat-embed-core/8.0.28/tomcat-embed-core-8.0.28.jar, file:/home/uniproctor/.m2/repository/org/apache/tomcat/embed/tomcat-embed-el/8.0.28/tomcat-embed-el-8.0.28.jar, file:/home/uniproctor/.m2/repository/org/apache/tomcat/embed/tomcat-embed-logging-juli/8.0.28/tomcat-embed-logging-juli-8.0.28.jar, file:/home/uniproctor/.m2/repository/org/apache/tomcat/embed/tomcat-embed-websocket/8.0.28/tomcat-embed-websocket-8.0.28.jar, file:/home/uniproctor/.m2/repository/org/springframework/boot/spring-boot-starter-validation/1.3.6.RELEASE/spring-boot-starter-validation-1.3.6.RELEASE.jar, file:/home/uniproctor/.m2/repository/org/hibernate/hibernate-validator/5.2.4.Final/hibernate-validator-5.2.4.Final.jar, file:/home/uniproctor/.m2/repository/javax/validation/validation-api/1.1.0.Final/validation-api-1.1.0.Final.jar, file:/home/uniproctor/.m2/repository/org/jboss/logging/jboss-logging/3.3.0.Final/jboss-logging-3.3.0.Final.jar, file:/home/uniproctor/.m2/repository/com/fasterxml/classmate/1.1.0/classmate-1.1.0.jar, file:/home/uniproctor/.m2/repository/com/fasterxml/jackson/core/jackson-databind/2.6.7/jackson-databind-2.6.7.jar, file:/home/uniproctor/.m2/repository/com/fasterxml/jackson/core/jackson-annotations/2.6.7/jackson-annotations-2.6.7.jar, file:/home/uniproctor/.m2/repository/com/fasterxml/jackson/core/jackson-core/2.6.7/jackson-core-2.6.7.jar, file:/home/uniproctor/.m2/repository/org/springframework/spring-web/4.2.7.RELEASE/spring-web-4.2.7.RELEASE.jar, file:/home/uniproctor/.m2/repository/org/springframework/spring-aop/4.2.7.RELEASE/spring-aop-4.2.7.RELEASE.jar, file:/home/uniproctor/.m2/repository/aopalliance/aopalliance/1.0/aopalliance-1.0.jar, file:/home/uniproctor/.m2/repository/org/springframework/spring-beans/4.2.7.RELEASE/spring-beans-4.2.7.RELEASE.jar, file:/home/uniproctor/.m2/repository/org/springframework/spring-webmvc/4.2.7.RELEASE/spring-webmvc-4.2.7.RELEASE.jar, file:/home/uniproctor/.m2/repository/org/springframework/spring-expression/4.2.7.RELEASE/spring-expression-4.2.7.RELEASE.jar, file:/home/uniproctor/.m2/repository/org/springframework/spring-websocket/4.2.7.RELEASE/spring-websocket-4.2.7.RELEASE.jar, file:/home/uniproctor/.m2/repository/org/springframework/spring-context/4.2.7.RELEASE/spring-context-4.2.7.RELEASE.jar, file:/home/uniproctor/.m2/repository/org/springframework/spring-core/4.2.7.RELEASE/spring-core-4.2.7.RELEASE.jar, file:/home/uniproctor/.m2/repository/commons-logging/commons-logging/1.2/commons-logging-1.2.jar, file:/home/uniproctor/.m2/repository/org/kurento/kurento-client/6.6.0/kurento-client-6.6.0.jar, file:/home/uniproctor/.m2/repository/org/kurento/kurento-jsonrpc-client/6.6.0/kurento-jsonrpc-client-6.6.0.jar, file:/home/uniproctor/.m2/repository/com/thoughtworks/paranamer/paranamer/2.8/paranamer-2.8.jar, file:/home/uniproctor/.m2/repository/javax/inject/javax.inject/1/javax.inject-1.jar, file:/home/uniproctor/.m2/repository/org/kurento/kurento-commons/6.6.0/kurento-commons-6.6.0.jar, file:/home/uniproctor/.m2/repository/com/google/code/gson/gson/2.5/gson-2.5.jar, file:/home/uniproctor/.m2/repository/com/google/guava/guava/19.0/guava-19.0.jar, file:/home/uniproctor/.m2/repository/org/apache/httpcomponents/httpclient/4.5.1/httpclient-4.5.1.jar, file:/home/uniproctor/.m2/repository/org/apache/httpcomponents/httpcore/4.4.4/httpcore-4.4.4.jar, file:/home/uniproctor/.m2/repository/commons-codec/commons-codec/1.9/commons-codec-1.9.jar, file:/home/uniproctor/.m2/repository/org/apache/httpcomponents/fluent-hc/4.5.1/fluent-hc-4.5.1.jar, file:/home/uniproctor/.m2/repository/org/slf4j/slf4j-api/1.7.13/slf4j-api-1.7.13.jar, file:/home/uniproctor/.m2/repository/org/eclipse/jetty/websocket/websocket-client/9.3.0.M2/websocket-client-9.3.0.M2.jar, file:/home/uniproctor/.m2/repository/org/eclipse/jetty/jetty-util/9.3.0.M2/jetty-util-9.3.0.M2.jar, file:/home/uniproctor/.m2/repository/org/eclipse/jetty/jetty-io/9.3.0.M2/jetty-io-9.3.0.M2.jar, file:/home/uniproctor/.m2/repository/org/eclipse/jetty/websocket/websocket-common/9.3.0.M2/websocket-common-9.3.0.M2.jar, file:/home/uniproctor/.m2/repository/org/eclipse/jetty/websocket/websocket-api/9.3.0.M2/websocket-api-9.3.0.M2.jar, file:/home/uniproctor/.m2/repository/io/netty/netty-handler/4.1.3.Final/netty-handler-4.1.3.Final.jar, file:/home/uniproctor/.m2/repository/io/netty/netty-buffer/4.1.3.Final/netty-buffer-4.1.3.Final.jar, file:/home/uniproctor/.m2/repository/io/netty/netty-common/4.1.3.Final/netty-common-4.1.3.Final.jar, file:/home/uniproctor/.m2/repository/io/netty/netty-codec/4.1.3.Final/netty-codec-4.1.3.Final.jar, file:/home/uniproctor/.m2/repository/io/netty/netty-transport/4.1.3.Final/netty-transport-4.1.3.Final.jar, file:/home/uniproctor/.m2/repository/io/netty/netty-resolver/4.1.3.Final/netty-resolver-4.1.3.Final.jar, file:/home/uniproctor/.m2/repository/io/netty/netty-handler-proxy/4.1.3.Final/netty-handler-proxy-4.1.3.Final.jar, file:/home/uniproctor/.m2/repository/io/netty/netty-codec-socks/4.1.3.Final/netty-codec-socks-4.1.3.Final.jar, file:/home/uniproctor/.m2/repository/io/netty/netty-codec-http/4.1.3.Final/netty-codec-http-4.1.3.Final.jar, file:/home/uniproctor/.m2/repository/org/kurento/kms-api-core/6.6.0/kms-api-core-6.6.0.jar, file:/home/uniproctor/.m2/repository/org/kurento/kms-api-elements/6.6.0/kms-api-elements-6.6.0.jar, file:/home/uniproctor/.m2/repository/org/kurento/kms-api-filters/6.6.0/kms-api-filters-6.6.0.jar, file:/home/uniproctor/.m2/repository/org/kurento/kurento-utils-js/6.6.0/kurento-utils-js-6.6.0.jar, file:/home/uniproctor/.m2/repository/org/webjars/webjars-locator/0.32/webjars-locator-0.32.jar, file:/home/uniproctor/.m2/repository/org/webjars/webjars-locator-core/0.30/webjars-locator-core-0.30.jar, file:/home/uniproctor/.m2/repository/org/apache/commons/commons-lang3/3.1/commons-lang3-3.1.jar, file:/home/uniproctor/.m2/repository/org/apache/commons/commons-compress/1.9/commons-compress-1.9.jar, file:/home/uniproctor/.m2/repository/org/webjars/bower/adapter.js/0.2.9/adapter.js-0.2.9.jar]
[WARNING] 
java.lang.reflect.InvocationTargetException
	at sun.reflect.NativeMethodAccessorImpl.invoke0(Native Method)
	at sun.reflect.NativeMethodAccessorImpl.invoke(NativeMethodAccessorImpl.java:62)
	at sun.reflect.DelegatingMethodAccessorImpl.invoke(DelegatingMethodAccessorImpl.java:43)
	at java.lang.reflect.Method.invoke(Method.java:498)
	at org.codehaus.mojo.exec.ExecJavaMojo$1.run(ExecJavaMojo.java:293)
	at java.lang.Thread.run(Thread.java:745)
Caused by: org.springframework.boot.context.embedded.EmbeddedServletContainerException: Unable to start embedded Tomcat servlet container
	at org.springframework.boot.context.embedded.tomcat.TomcatEmbeddedServletContainer.start(TomcatEmbeddedServletContainer.java:165)
	at org.springframework.boot.context.embedded.EmbeddedWebApplicationContext.startEmbeddedServletContainer(EmbeddedWebApplicationContext.java:293)
	at org.springframework.boot.context.embedded.EmbeddedWebApplicationContext.finishRefresh(EmbeddedWebApplicationContext.java:141)
	at org.springframework.context.support.AbstractApplicationContext.refresh(AbstractApplicationContext.java:541)
	at org.springframework.boot.context.embedded.EmbeddedWebApplicationContext.refresh(EmbeddedWebApplicationContext.java:118)
	at org.springframework.boot.SpringApplication.refresh(SpringApplication.java:760)
	at org.springframework.boot.SpringApplication.createAndRefreshContext(SpringApplication.java:360)
	at org.springframework.boot.SpringApplication.run(SpringApplication.java:306)
	at org.springframework.boot.SpringApplication.run(SpringApplication.java:1185)
	at org.springframework.boot.SpringApplication.run(SpringApplication.java:1174)
	at org.kurento.tutorial.groupcall.GroupCallApp.main(GroupCallApp.java:58)
	... 6 more
Caused by: java.lang.IllegalStateException: Tomcat connector in failed state
	at org.springframework.boot.context.embedded.tomcat.TomcatEmbeddedServletContainer.start(TomcatEmbeddedServletContainer.java:159)
	... 16 more
